This is pdfTeX, Version 3.14159265-2.6-1.40.18 (TeX Live 2017) (preloaded format=pdflatex 2017.7.14)  10 SEP 2020 15:55
entering extended mode
 restricted \write18 enabled.
 file:line:error style messages enabled.
 %&-line parsing enabled.
**conference.tex
(./conference.tex
LaTeX2e <2017-04-15>
Babel <3.10> and hyphenation patterns for 84 language(s) loaded.
(/usr/local/texlive/2017/texmf-dist/tex/latex/base/article.cls
Document Class: article 2014/09/29 v1.4h Standard LaTeX document class
(/usr/local/texlive/2017/texmf-dist/tex/latex/base/size10.clo
File: size10.clo 2014/09/29 v1.4h Standard LaTeX file (size option)
)
\c@part=\count79
\c@section=\count80
\c@subsection=\count81
\c@subsubsection=\count82
\c@paragraph=\count83
\c@subparagraph=\count84
\c@figure=\count85
\c@table=\count86
\abovecaptionskip=\skip41
\belowcaptionskip=\skip42
\bibindent=\dimen102
) (./aaai21.sty
Conference Style for AAAI for LaTeX 2e -- version for the AAAI-21 conference - MODIFIED
\titlebox=\skip43
) (/usr/local/texlive/2017/texmf-dist/tex/latex/psnfss/times.sty
Package: times 2005/04/12 PSNFSS-v9.2a (SPQR) 
) (/usr/local/texlive/2017/texmf-dist/tex/latex/psnfss/helvet.sty
Package: helvet 2005/04/12 PSNFSS-v9.2a (WaS) 
 (/usr/local/texlive/2017/texmf-dist/tex/latex/graphics/keyval.sty
Package: keyval 2014/10/28 v1.15 key=value parser (DPC)
\KV@toks@=\toks14
)) (/usr/local/texlive/2017/texmf-dist/tex/latex/psnfss/courier.sty
Package: courier 2005/04/12 PSNFSS-v9.2a (WaS) 
) (/usr/local/texlive/2017/texmf-dist/tex/latex/url/url.sty
\Urlmuskip=\muskip10
Package: url 2013/09/16  ver 3.4  Verb mode for urls, etc.
) (/usr/local/texlive/2017/texmf-dist/tex/latex/graphics/graphicx.sty
Package: graphicx 2014/10/28 v1.0g Enhanced LaTeX Graphics (DPC,SPQR)
 (/usr/local/texlive/2017/texmf-dist/tex/latex/graphics/graphics.sty
Package: graphics 2017/04/14 v1.1b Standard LaTeX Graphics (DPC,SPQR)
 (/usr/local/texlive/2017/texmf-dist/tex/latex/graphics/trig.sty
Package: trig 2016/01/03 v1.10 sin cos tan (DPC)
) (/usr/local/texlive/2017/texmf-dist/tex/latex/graphics-cfg/graphics.cfg
File: graphics.cfg 2016/06/04 v1.11 sample graphics configuration
)
Package graphics Info: Driver file: pdftex.def on input line 99.
 (/usr/local/texlive/2017/texmf-dist/tex/latex/graphics-def/pdftex.def
File: pdftex.def 2017/01/12 v0.06k Graphics/color for pdfTeX
 (/usr/local/texlive/2017/texmf-dist/tex/generic/oberdiek/infwarerr.sty
Package: infwarerr 2016/05/16 v1.4 Providing info/warning/error messages (HO)
) (/usr/local/texlive/2017/texmf-dist/tex/generic/oberdiek/ltxcmds.sty
Package: ltxcmds 2016/05/16 v1.23 LaTeX kernel commands for general use (HO)
)
\Gread@gobject=\count87
))
\Gin@req@height=\dimen103
\Gin@req@width=\dimen104
) (/usr/local/texlive/2017/texmf-dist/tex/latex/subfigure/subfigure.sty
Package: subfigure 2002/03/15 v2.1.5 subfigure package
\subfigtopskip=\skip44
\subfigcapskip=\skip45
\subfigcaptopadj=\dimen105
\subfigbottomskip=\skip46
\subfigcapmargin=\dimen106
\subfiglabelskip=\skip47
\c@subfigure=\count88
\c@lofdepth=\count89
\c@subtable=\count90
\c@lotdepth=\count91

****************************************
* Local config file subfigure.cfg used *
****************************************
(/usr/local/texlive/2017/texmf-dist/tex/latex/subfigure/subfigure.cfg)
\subfig@top=\skip48
\subfig@bottom=\skip49
) (/usr/local/texlive/2017/texmf-dist/tex/latex/natbib/natbib.sty
Package: natbib 2010/09/13 8.31b (PWD, AO)
\bibhang=\skip50
\bibsep=\skip51
LaTeX Info: Redefining \cite on input line 694.
\c@NAT@ctr=\count92
) (/usr/local/texlive/2017/texmf-dist/tex/latex/caption/caption.sty
Package: caption 2016/02/21 v3.3-144 Customizing captions (AR)
 (/usr/local/texlive/2017/texmf-dist/tex/latex/caption/caption3.sty
Package: caption3 2016/05/22 v1.7-166 caption3 kernel (AR)
Package caption3 Info: TeX engine: e-TeX on input line 67.
\captionmargin=\dimen107
\captionmargin@=\dimen108
\captionwidth=\dimen109
\caption@tempdima=\dimen110
\caption@indent=\dimen111
\caption@parindent=\dimen112
\caption@hangindent=\dimen113
)
\c@ContinuedFloat=\count93
Package caption Info: subfigure package is loaded.
) (/usr/local/texlive/2017/texmf-dist/tex/latex/amsmath/amsmath.sty
Package: amsmath 2016/11/05 v2.16a AMS math features
\@mathmargin=\skip52

For additional information on amsmath, use the `?' option.
(/usr/local/texlive/2017/texmf-dist/tex/latex/amsmath/amstext.sty
Package: amstext 2000/06/29 v2.01 AMS text
 (/usr/local/texlive/2017/texmf-dist/tex/latex/amsmath/amsgen.sty
File: amsgen.sty 1999/11/30 v2.0 generic functions
\@emptytoks=\toks15
\ex@=\dimen114
)) (/usr/local/texlive/2017/texmf-dist/tex/latex/amsmath/amsbsy.sty
Package: amsbsy 1999/11/29 v1.2d Bold Symbols
\pmbraise@=\dimen115
) (/usr/local/texlive/2017/texmf-dist/tex/latex/amsmath/amsopn.sty
Package: amsopn 2016/03/08 v2.02 operator names
)
\inf@bad=\count94
LaTeX Info: Redefining \frac on input line 213.
\uproot@=\count95
\leftroot@=\count96
LaTeX Info: Redefining \overline on input line 375.
\classnum@=\count97
\DOTSCASE@=\count98
LaTeX Info: Redefining \ldots on input line 472.
LaTeX Info: Redefining \dots on input line 475.
LaTeX Info: Redefining \cdots on input line 596.
\Mathstrutbox@=\box26
\strutbox@=\box27
\big@size=\dimen116
LaTeX Font Info:    Redeclaring font encoding OML on input line 712.
LaTeX Font Info:    Redeclaring font encoding OMS on input line 713.
\macc@depth=\count99
\c@MaxMatrixCols=\count100
\dotsspace@=\muskip11
\c@parentequation=\count101
\dspbrk@lvl=\count102
\tag@help=\toks16
\row@=\count103
\column@=\count104
\maxfields@=\count105
\andhelp@=\toks17
\eqnshift@=\dimen117
\alignsep@=\dimen118
\tagshift@=\dimen119
\tagwidth@=\dimen120
\totwidth@=\dimen121
\lineht@=\dimen122
\@envbody=\toks18
\multlinegap=\skip53
\multlinetaggap=\skip54
\mathdisplay@stack=\toks19
LaTeX Info: Redefining \[ on input line 2817.
LaTeX Info: Redefining \] on input line 2818.
) (/usr/local/texlive/2017/texmf-dist/tex/latex/amsfonts/amssymb.sty
Package: amssymb 2013/01/14 v3.01 AMS font symbols
 (/usr/local/texlive/2017/texmf-dist/tex/latex/amsfonts/amsfonts.sty
Package: amsfonts 2013/01/14 v3.01 Basic AMSFonts support
\symAMSa=\mathgroup4
\symAMSb=\mathgroup5
LaTeX Font Info:    Overwriting math alphabet `\mathfrak' in version `bold'
(Font)                  U/euf/m/n --> U/euf/b/n on input line 106.
)) (/usr/local/texlive/2017/texmf-dist/tex/latex/cleveref/cleveref.sty
Package: cleveref 2013/12/28 v0.19 Intelligent cross-referencing
) (/usr/local/texlive/2017/texmf-dist/tex/latex/booktabs/booktabs.sty
Package: booktabs 2016/04/27 v1.618033 publication quality tables
\heavyrulewidth=\dimen123
\lightrulewidth=\dimen124
\cmidrulewidth=\dimen125
\belowrulesep=\dimen126
\belowbottomsep=\dimen127
\aboverulesep=\dimen128
\abovetopsep=\dimen129
\cmidrulesep=\dimen130
\cmidrulekern=\dimen131
\defaultaddspace=\dimen132
\@cmidla=\count106
\@cmidlb=\count107
\@aboverulesep=\dimen133
\@belowrulesep=\dimen134
\@thisruleclass=\count108
\@lastruleclass=\count109
\@thisrulewidth=\dimen135
) (/usr/local/texlive/2017/texmf-dist/tex/latex/lineno/lineno.sty
Package: lineno 2005/11/02 line numbers on paragraphs v4.41
\linenopenalty=\count110
\output=\toks20
\linenoprevgraf=\count111
\linenumbersep=\dimen136
\linenumberwidth=\dimen137
\c@linenumber=\count112
\c@pagewiselinenumber=\count113
\c@LN@truepage=\count114
\c@internallinenumber=\count115
\c@internallinenumbers=\count116
\quotelinenumbersep=\dimen138
\bframerule=\dimen139
\bframesep=\dimen140
\bframebox=\box28
LaTeX Info: Redefining \\ on input line 3056.
)
\c@theorem=\count117
\c@lemma=\count118
\c@proof=\count119
 (/Users/shiro/GitProject/wasserstein-ood-regularizer/paper/.texpadtmp/conference.aux)
\openout1 = `conference.aux'.

LaTeX Font Info:    Checking defaults for OML/cmm/m/it on input line 173.
LaTeX Font Info:    ... okay on input line 173.
LaTeX Font Info:    Checking defaults for T1/cmr/m/n on input line 173.
LaTeX Font Info:    ... okay on input line 173.
LaTeX Font Info:    Checking defaults for OT1/cmr/m/n on input line 173.
LaTeX Font Info:    ... okay on input line 173.
LaTeX Font Info:    Checking defaults for OMS/cmsy/m/n on input line 173.
LaTeX Font Info:    ... okay on input line 173.
LaTeX Font Info:    Checking defaults for OMX/cmex/m/n on input line 173.
LaTeX Font Info:    ... okay on input line 173.
LaTeX Font Info:    Checking defaults for U/cmr/m/n on input line 173.
LaTeX Font Info:    ... okay on input line 173.
LaTeX Font Info:    Try loading font information for OT1+ptm on input line 173.
 (/usr/local/texlive/2017/texmf-dist/tex/latex/psnfss/ot1ptm.fd
File: ot1ptm.fd 2001/06/04 font definitions for OT1/ptm.
) (/usr/local/texlive/2017/texmf-dist/tex/context/base/mkii/supp-pdf.mkii
[Loading MPS to PDF converter (version 2006.09.02).]
\scratchcounter=\count120
\scratchdimen=\dimen141
\scratchbox=\box29
\nofMPsegments=\count121
\nofMParguments=\count122
\everyMPshowfont=\toks21
\MPscratchCnt=\count123
\MPscratchDim=\dimen142
\MPnumerator=\count124
\makeMPintoPDFobject=\count125
\everyMPtoPDFconversion=\toks22
) (/usr/local/texlive/2017/texmf-dist/tex/generic/oberdiek/pdftexcmds.sty
Package: pdftexcmds 2017/03/19 v0.25 Utility functions of pdfTeX for LuaTeX (HO)
 (/usr/local/texlive/2017/texmf-dist/tex/generic/oberdiek/ifluatex.sty
Package: ifluatex 2016/05/16 v1.4 Provides the ifluatex switch (HO)
Package ifluatex Info: LuaTeX not detected.
) (/usr/local/texlive/2017/texmf-dist/tex/generic/oberdiek/ifpdf.sty
Package: ifpdf 2017/03/15 v3.2 Provides the ifpdf switch
)
Package pdftexcmds Info: LuaTeX not detected.
Package pdftexcmds Info: \pdf@primitive is available.
Package pdftexcmds Info: \pdf@ifprimitive is available.
Package pdftexcmds Info: \pdfdraftmode found.
) (/usr/local/texlive/2017/texmf-dist/tex/latex/oberdiek/epstopdf-base.sty
Package: epstopdf-base 2016/05/15 v2.6 Base part for package epstopdf
 (/usr/local/texlive/2017/texmf-dist/tex/latex/oberdiek/grfext.sty
Package: grfext 2016/05/16 v1.2 Manage graphics extensions (HO)
 (/usr/local/texlive/2017/texmf-dist/tex/generic/oberdiek/kvdefinekeys.sty
Package: kvdefinekeys 2016/05/16 v1.4 Define keys (HO)
)) (/usr/local/texlive/2017/texmf-dist/tex/latex/oberdiek/kvoptions.sty
Package: kvoptions 2016/05/16 v3.12 Key value format for package options (HO)
 (/usr/local/texlive/2017/texmf-dist/tex/generic/oberdiek/kvsetkeys.sty
Package: kvsetkeys 2016/05/16 v1.17 Key value parser (HO)
 (/usr/local/texlive/2017/texmf-dist/tex/generic/oberdiek/etexcmds.sty
Package: etexcmds 2016/05/16 v1.6 Avoid name clashes with e-TeX commands (HO)
Package etexcmds Info: Could not find \expanded.
(etexcmds)             That can mean that you are not using pdfTeX 1.50 or
(etexcmds)             that some package has redefined \expanded.
(etexcmds)             In the latter case, load this package earlier.
)))
Package epstopdf-base Info: Redefining graphics rule for `.eps' on input line 438.
Package grfext Info: Graphics extension search list:
(grfext)             [.png,.pdf,.jpg,.mps,.jpeg,.jbig2,.jb2,.PNG,.PDF,.JPG,.JPEG,.JBIG2,.JB2,.eps]
(grfext)             \AppendGraphicsExtensions on input line 456.
 (/usr/local/texlive/2017/texmf-dist/tex/latex/latexconfig/epstopdf-sys.cfg
File: epstopdf-sys.cfg 2010/07/13 v1.3 Configuration of (r)epstopdf for TeX Live
))
Package caption Info: Begin \AtBeginDocument code.
Package caption Info: End \AtBeginDocument code.
\titlearea=\box30
LaTeX Font Info:    Font shape `OT1/ptm/bx/n' in size <14.4> not available
(Font)              Font shape `OT1/ptm/b/n' tried instead on input line 176.
LaTeX Font Info:    Try loading font information for U+msa on input line 176.
 (/usr/local/texlive/2017/texmf-dist/tex/latex/amsfonts/umsa.fd
File: umsa.fd 2013/01/14 v3.01 AMS symbols A
)
LaTeX Font Info:    Try loading font information for U+msb on input line 176.
 (/usr/local/texlive/2017/texmf-dist/tex/latex/amsfonts/umsb.fd
File: umsb.fd 2013/01/14 v3.01 AMS symbols B
)
LaTeX Font Info:    Font shape `OT1/ptm/bx/n' in size <12> not available
(Font)              Font shape `OT1/ptm/b/n' tried instead on input line 176.
\actualheight=\skip55

Overfull \hbox (2.5pt too wide) in paragraph at lines 176--176
[][] 
 []


Underfull \vbox (badness 10000) detected at line 176
 []

LaTeX Font Info:    Try loading font information for OMS+ptm on input line 176.
(/usr/local/texlive/2017/texmf-dist/tex/latex/psnfss/omsptm.fd
File: omsptm.fd 
)
LaTeX Font Info:    Font shape `OMS/ptm/m/n' in size <9> not available
(Font)              Font shape `OMS/cmsy/m/n' tried instead on input line 176.
LaTeX Font Info:    Font shape `OT1/ptm/bx/n' in size <10> not available
(Font)              Font shape `OT1/ptm/b/n' tried instead on input line 178.
LaTeX Font Info:    Try loading font information for OT1+phv on input line 185.
 (/usr/local/texlive/2017/texmf-dist/tex/latex/psnfss/ot1phv.fd
File: ot1phv.fd 2001/06/04 scalable font definitions for OT1/phv.
)
LaTeX Font Info:    Font shape `OMS/ptm/m/n' in size <10> not available
(Font)              Font shape `OMS/cmsy/m/n' tried instead on input line 206.
 [1{/usr/local/texlive/2017/texmf-var/fonts/map/pdftex/updmap/pdftex.map}



]
Underfull \hbox (badness 1571) in paragraph at lines 212--213
\OT1/ptm/m/n/10 Likelihood-based gen-er-a-tive mod-els are widely viewed
 []


Underfull \hbox (badness 5119) in paragraph at lines 214--215
[]\OT1/ptm/m/n/10 To solve this prob-lem, some re-searches pro-posed
 []


Underfull \hbox (badness 3861) in paragraph at lines 214--215
\OT1/ptm/m/n/10 some vari-ants of these mod-els for de-tect-ing out-of-
 []


Underfull \hbox (badness 1102) in paragraph at lines 251--252
[]\OT1/ptm/m/n/10 All com-mon met-rics in-clud-ing AU-ROC, AUPR, AP,
 []

<counterexample1.png, id=14, 643.40375pt x 482.80376pt>
File: counterexample1.png Graphic file (type png)
 <use counterexample1.png>
Package pdftex.def Info: counterexample1.png used on input line 259.
(pdftex.def)             Requested size: 107.72673pt x 80.83052pt.
 <counterexample2.png, id=16, 643.40375pt x 482.80376pt>
File: counterexample2.png Graphic file (type png)
 <use counterexample2.png>
Package pdftex.def Info: counterexample2.png used on input line 262.
(pdftex.def)             Requested size: 107.72673pt x 80.83052pt.
 <counterexample3.png, id=17, 643.40375pt x 482.80376pt>
File: counterexample3.png Graphic file (type png)
 <use counterexample3.png>
Package pdftex.def Info: counterexample3.png used on input line 266.
(pdftex.def)             Requested size: 107.72673pt x 80.83052pt.
 <counterexample4.png, id=18, 643.40375pt x 482.80376pt>
File: counterexample4.png Graphic file (type png)
 <use counterexample4.png>
Package pdftex.def Info: counterexample4.png used on input line 269.
(pdftex.def)             Requested size: 107.72673pt x 80.83052pt.

Underfull \hbox (badness 3386) in paragraph at lines 275--275
\OT1/ptm/m/n/10 and in-distribution re-spec-tively. The AU-ROC of log-
 []

LaTeX Font Info:    Font shape `OT1/ptm/bx/n' in size <10.95> not available
(Font)              Font shape `OT1/ptm/b/n' tried instead on input line 279.
[2] <counterexample_complexity1.png, id=25, 570.13pt x 425.59pt>
File: counterexample_complexity1.png Graphic file (type png)
 <use counterexample_complexity1.png>
Package pdftex.def Info: counterexample_complexity1.png used on input line 295.
(pdftex.def)             Requested size: 107.72673pt x 80.41484pt.
 <counterexample_complexity2.png, id=26, 376.40625pt x 271.0125pt>
File: counterexample_complexity2.png Graphic file (type png)
 <use counterexample_complexity2.png>
Package pdftex.def Info: counterexample_complexity2.png used on input line 298.
(pdftex.def)             Requested size: 107.72673pt x 77.5619pt.
 <counterexample_complexity3.png, id=27, 376.40625pt x 271.0125pt>
File: counterexample_complexity3.png Graphic file (type png)
 <use counterexample_complexity3.png>
Package pdftex.def Info: counterexample_complexity3.png used on input line 301.
(pdftex.def)             Requested size: 107.72673pt x 77.5619pt.
 <counterexample_complexity4.png, id=28, 376.40625pt x 271.0125pt>
File: counterexample_complexity4.png Graphic file (type png)
 <use counterexample_complexity4.png>
Package pdftex.def Info: counterexample_complexity4.png used on input line 304.
(pdftex.def)             Requested size: 107.72673pt x 77.5619pt.

Underfull \vbox (badness 10000) has occurred while \output is active []


Underfull \hbox (badness 4467) in paragraph at lines 322--326
\OT1/ptm/m/n/10 ha-lanobis, ODIN and dis-agree-ment are pro-posed by
 []

[3 <./counterexample1.png> <./counterexample2.png> <./counterexample3.png> <./counterexample4.png> <./counterexample_complexity1.png> <./counterexample_complexity2.png> <./counterexample_complexity3.png> <./counterexample_complexity4.png>] <diagram.pdf, id=42, 513.92pt x 354.32375pt>
File: diagram.pdf Graphic file (type pdf)
 <use diagram.pdf>
Package pdftex.def Info: diagram.pdf used on input line 436.
(pdftex.def)             Requested size: 191.51622pt x 132.04387pt.
 [4]
Underfull \hbox (badness 2582) in paragraph at lines 457--458
[]\OT1/ptm/m/it/10 When log-likelihood can de-tect OoD, i.e.,
 []

[5 <./diagram.pdf>]
Underfull \hbox (badness 2717) in paragraph at lines 551--552
\OT1/ptm/m/n/10 MNIST, Om-niglot (Lake, Salakhut-di-nov et al. 2015),
 []


Underfull \hbox (badness 3302) in paragraph at lines 551--552
\OT1/ptm/m/n/10 CIFAR-10 (Krizhevsky, Hin-ton et al. 2009), CIFAR-
 []


Underfull \hbox (badness 1168) in paragraph at lines 560--561
\OT1/ptm/m/n/10 ac-ter-is-tic curve, which is a threshold-independent met-
 []


Underfull \hbox (badness 1231) in paragraph at lines 571--572
\OT1/ptm/m/n/10 For fair com-par-i-son, all in-di-ca-tors are based on com-
 []


Underfull \hbox (badness 1331) in paragraph at lines 571--572
\OT1/ptm/m/n/10 mon mod-els with stan-dard train-ing, in-clud-ing 34-layer
 []

<roc_prc.png, id=119, 1491.5725pt x 554.07pt>
File: roc_prc.png Graphic file (type png)
 <use roc_prc.png>
Package pdftex.def Info: roc_prc.png used on input line 615.
(pdftex.def)             Requested size: 215.45348pt x 80.0295pt.
 [6] <auroc_during_training.png, id=123, 731.73375pt x 489.83pt>
File: auroc_during_training.png Graphic file (type png)
 <use auroc_during_training.png>
Package pdftex.def Info: auroc_during_training.png used on input line 662.
(pdftex.def)             Requested size: 107.72673pt x 72.11102pt.
 <auroc_during_batch.png, id=124, 731.73375pt x 490.83376pt>
File: auroc_during_batch.png Graphic file (type png)
 <use auroc_during_batch.png>
Package pdftex.def Info: auroc_during_batch.png used on input line 663.
(pdftex.def)             Requested size: 107.72673pt x 72.25879pt.
 [7 <./roc_prc.png> <./auroc_during_training.png> <./auroc_during_batch.png>] (/Users/shiro/GitProject/wasserstein-ood-regularizer/paper/.texpadtmp/conference.bbl [8]
Underfull \hbox (badness 1502) in paragraph at lines 116--119
\OT1/ptm/m/n/10 Gen-er-a-tors for Energy-Based Mod-els.  \OT1/ptm/m/it/10 arXiv preprint
 []

Missing character: There is no Â in font ptmr7t!

Underfull \hbox (badness 4120) in paragraph at lines 134--137
[]\OT1/ptm/m/n/10 LECUN, Y.; BOT-TOU, . E. L.; BEN-GIO, Y.; and
 []

Missing character: There is no Ã in font ptmr7t!
Missing character: There is no ¶ in font ptmr7t!
Missing character: There is no Ã in font ptmr7t!
Missing character: There is no ¼ in font ptmr7t!
) [9] (/Users/shiro/GitProject/wasserstein-ood-regularizer/paper/.texpadtmp/conference.aux) ) 
Here is how much of TeX's memory you used:
 6208 strings out of 492995
 103447 string characters out of 6132704
 188291 words of memory out of 5000000
 9663 multiletter control sequences out of 15000+600000
 21754 words of font info for 45 fonts, out of 8000000 for 9000
 1141 hyphenation exceptions out of 8191
 39i,13n,39p,1001b,298s stack positions out of 5000i,500n,10000p,200000b,80000s
{/usr/local/texlive/2017/texmf-dist/fonts/enc/dvips/base/8r.enc}</usr/local/texlive/2017/texmf-dist/fonts/type1/public/amsfonts/cm/cmex10.pfb></usr/local/texlive/2017/texmf-dist/fonts/type1/public/amsfonts/cm/cmmi10.pfb></usr/local/texlive/2017/texmf-dist/fonts/type1/public/amsfonts/cm/cmmi5.pfb></usr/local/texlive/2017/texmf-dist/fonts/type1/public/amsfonts/cm/cmmi7.pfb></usr/local/texlive/2017/texmf-dist/fonts/type1/public/amsfonts/cm/cmr10.pfb></usr/local/texlive/2017/texmf-dist/fonts/type1/public/amsfonts/cm/cmr5.pfb></usr/local/texlive/2017/texmf-dist/fonts/type1/public/amsfonts/cm/cmr7.pfb></usr/local/texlive/2017/texmf-dist/fonts/type1/public/amsfonts/cm/cmsy10.pfb></usr/local/texlive/2017/texmf-dist/fonts/type1/public/amsfonts/cm/cmsy7.pfb></usr/local/texlive/2017/texmf-dist/fonts/type1/public/amsfonts/cm/cmsy9.pfb></usr/local/texlive/2017/texmf-dist/fonts/type1/public/amsfonts/symbols/msbm10.pfb></usr/local/texlive/2017/texmf-dist/fonts/type1/urw/helvetic/uhvr8a.pfb></usr/local/texlive/2017/texmf-dist/fonts/type1/urw/times/utmb8a.pfb></usr/local/texlive/2017/texmf-dist/fonts/type1/urw/times/utmr8a.pfb></usr/local/texlive/2017/texmf-dist/fonts/type1/urw/times/utmri8a.pfb>
Output written on /Users/shiro/GitProject/wasserstein-ood-regularizer/paper/.texpadtmp/conference.pdf (9 pages, 1264881 bytes).
PDF statistics:
 184 PDF objects out of 1000 (max. 8388607)
 122 compressed objects within 2 object streams
 0 named destinations out of 1000 (max. 500000)
 61 words of extra memory for PDF output out of 10000 (max. 10000000)

